This is pdfTeX, Version 3.141592653-2.6-1.40.25 (TeX Live 2023/Debian) (preloaded format=pdflatex 2025.11.19)  8 DEC 2025 16:39
entering extended mode
 restricted \write18 enabled.
 %&-line parsing enabled.
**charter.tex
(./charter.tex
LaTeX2e <2023-11-01> patch level 1
L3 programming layer <2024-01-22>
(./charter.cls
charter.cls
v. 0.1.0
Creado por Patricio Bos para el Laboratorio de Sistemas Embebidos de FIUBA
junio 1, 2020
Una clase para armar planificaciones de Trabajos finales en el curso de Gestió
n de Proyectos.
(/usr/share/texlive/texmf-dist/tex/latex/etoolbox/etoolbox.sty
Package: etoolbox 2020/10/05 v2.5k e-TeX tools for LaTeX (JAW)
\etb@tempcnta=\count187
)
(/usr/share/texlive/texmf-dist/tex/latex/l3packages/xparse/xparse.sty
(/usr/share/texlive/texmf-dist/tex/latex/l3kernel/expl3.sty
Package: expl3 2024-01-22 L3 programming layer (loader) 

(/usr/share/texlive/texmf-dist/tex/latex/l3backend/l3backend-pdftex.def
File: l3backend-pdftex.def 2024-01-04 L3 backend support: PDF output (pdfTeX)
\l__color_backend_stack_int=\count188
\l__pdf_internal_box=\box51
))
Package: xparse 2023-10-10 L3 Experimental document command parser
)
Document Class: charter 
(/usr/share/texlive/texmf-dist/tex/latex/base/article.cls
Document Class: article 2023/05/17 v1.4n Standard LaTeX document class
(/usr/share/texlive/texmf-dist/tex/latex/base/size11.clo
File: size11.clo 2023/05/17 v1.4n Standard LaTeX file (size option)
)
\c@part=\count189
\c@section=\count190
\c@subsection=\count191
\c@subsubsection=\count192
\c@paragraph=\count193
\c@subparagraph=\count194
\c@figure=\count195
\c@table=\count196
\abovecaptionskip=\skip48
\belowcaptionskip=\skip49
\bibindent=\dimen140
)
(/usr/share/texlive/texmf-dist/tex/latex/amsmath/amsmath.sty
Package: amsmath 2023/05/13 v2.17o AMS math features
\@mathmargin=\skip50

For additional information on amsmath, use the `?' option.
(/usr/share/texlive/texmf-dist/tex/latex/amsmath/amstext.sty
Package: amstext 2021/08/26 v2.01 AMS text

(/usr/share/texlive/texmf-dist/tex/latex/amsmath/amsgen.sty
File: amsgen.sty 1999/11/30 v2.0 generic functions
\@emptytoks=\toks17
\ex@=\dimen141
))
(/usr/share/texlive/texmf-dist/tex/latex/amsmath/amsbsy.sty
Package: amsbsy 1999/11/29 v1.2d Bold Symbols
\pmbraise@=\dimen142
)
(/usr/share/texlive/texmf-dist/tex/latex/amsmath/amsopn.sty
Package: amsopn 2022/04/08 v2.04 operator names
)
\inf@bad=\count197
LaTeX Info: Redefining \frac on input line 234.
\uproot@=\count198
\leftroot@=\count199
LaTeX Info: Redefining \overline on input line 399.
LaTeX Info: Redefining \colon on input line 410.
\classnum@=\count266
\DOTSCASE@=\count267
LaTeX Info: Redefining \ldots on input line 496.
LaTeX Info: Redefining \dots on input line 499.
LaTeX Info: Redefining \cdots on input line 620.
\Mathstrutbox@=\box52
\strutbox@=\box53
LaTeX Info: Redefining \big on input line 722.
LaTeX Info: Redefining \Big on input line 723.
LaTeX Info: Redefining \bigg on input line 724.
LaTeX Info: Redefining \Bigg on input line 725.
\big@size=\dimen143
LaTeX Font Info:    Redeclaring font encoding OML on input line 743.
LaTeX Font Info:    Redeclaring font encoding OMS on input line 744.
\macc@depth=\count268
LaTeX Info: Redefining \bmod on input line 905.
LaTeX Info: Redefining \pmod on input line 910.
LaTeX Info: Redefining \smash on input line 940.
LaTeX Info: Redefining \relbar on input line 970.
LaTeX Info: Redefining \Relbar on input line 971.
\c@MaxMatrixCols=\count269
\dotsspace@=\muskip16
\c@parentequation=\count270
\dspbrk@lvl=\count271
\tag@help=\toks18
\row@=\count272
\column@=\count273
\maxfields@=\count274
\andhelp@=\toks19
\eqnshift@=\dimen144
\alignsep@=\dimen145
\tagshift@=\dimen146
\tagwidth@=\dimen147
\totwidth@=\dimen148
\lineht@=\dimen149
\@envbody=\toks20
\multlinegap=\skip51
\multlinetaggap=\skip52
\mathdisplay@stack=\toks21
LaTeX Info: Redefining \[ on input line 2953.
LaTeX Info: Redefining \] on input line 2954.
)
(/usr/share/texlive/texmf-dist/tex/latex/amscls/amsthm.sty
Package: amsthm 2020/05/29 v2.20.6
\thm@style=\toks22
\thm@bodyfont=\toks23
\thm@headfont=\toks24
\thm@notefont=\toks25
\thm@headpunct=\toks26
\thm@preskip=\skip53
\thm@postskip=\skip54
\thm@headsep=\skip55
\dth@everypar=\toks27
)
(/usr/share/texlive/texmf-dist/tex/latex/amsfonts/amssymb.sty
Package: amssymb 2013/01/14 v3.01 AMS font symbols

(/usr/share/texlive/texmf-dist/tex/latex/amsfonts/amsfonts.sty
Package: amsfonts 2013/01/14 v3.01 Basic AMSFonts support
\symAMSa=\mathgroup4
\symAMSb=\mathgroup5
LaTeX Font Info:    Redeclaring math symbol \hbar on input line 98.
LaTeX Font Info:    Overwriting math alphabet `\mathfrak' in version `bold'
(Font)                  U/euf/m/n --> U/euf/b/n on input line 106.
))
(/usr/share/texlive/texmf-dist/tex/latex/graphics/color.sty
Package: color 2022/01/06 v1.3d Standard LaTeX Color (DPC)

(/usr/share/texlive/texmf-dist/tex/latex/graphics-cfg/color.cfg
File: color.cfg 2016/01/02 v1.6 sample color configuration
)
Package color Info: Driver file: pdftex.def on input line 149.

(/usr/share/texlive/texmf-dist/tex/latex/graphics-def/pdftex.def
File: pdftex.def 2022/09/22 v1.2b Graphics/color driver for pdftex
)
(/usr/share/texlive/texmf-dist/tex/latex/graphics/mathcolor.ltx))
(/usr/share/texlive/texmf-dist/tex/latex/geometry/geometry.sty
Package: geometry 2020/01/02 v5.9 Page Geometry

(/usr/share/texlive/texmf-dist/tex/latex/graphics/keyval.sty
Package: keyval 2022/05/29 v1.15 key=value parser (DPC)
\KV@toks@=\toks28
)
(/usr/share/texlive/texmf-dist/tex/generic/iftex/ifvtex.sty
Package: ifvtex 2019/10/25 v1.7 ifvtex legacy package. Use iftex instead.

(/usr/share/texlive/texmf-dist/tex/generic/iftex/iftex.sty
Package: iftex 2022/02/03 v1.0f TeX engine tests
))
\Gm@cnth=\count275
\Gm@cntv=\count276
\c@Gm@tempcnt=\count277
\Gm@bindingoffset=\dimen150
\Gm@wd@mp=\dimen151
\Gm@odd@mp=\dimen152
\Gm@even@mp=\dimen153
\Gm@layoutwidth=\dimen154
\Gm@layoutheight=\dimen155
\Gm@layouthoffset=\dimen156
\Gm@layoutvoffset=\dimen157
\Gm@dimlist=\toks29
)
(/usr/share/texlive/texmf-dist/tex/latex/float/float.sty
Package: float 2001/11/08 v1.3d Float enhancements (AL)
\c@float@type=\count278
\float@exts=\toks30
\float@box=\box54
\@float@everytoks=\toks31
\@floatcapt=\box55
)
(/usr/share/texlive/texmf-dist/tex/latex/relsize/relsize.sty
Package: relsize 2013/03/29 ver 4.1
)
(/usr/share/texlive/texmf-dist/tex/latex/url/url.sty
\Urlmuskip=\muskip17
Package: url 2013/09/16  ver 3.4  Verb mode for urls, etc.
)
(/usr/share/texlive/texmf-dist/tex/generic/babel/babel.sty
Package: babel 2024/01/07 v24.1 The Babel package
\babel@savecnt=\count279
\U@D=\dimen158
\l@unhyphenated=\language38

(/usr/share/texlive/texmf-dist/tex/generic/babel/txtbabel.def)
\bbl@readstream=\read2
\bbl@dirlevel=\count280

(/usr/share/texlive/texmf-dist/tex/generic/babel-english/english.ldf
Language: english 2017/06/06 v3.3r English support from the babel system
Package babel Info: Hyphen rules for 'canadian' set to \l@english
(babel)             (\language0). Reported on input line 102.
Package babel Info: Hyphen rules for 'australian' set to \l@ukenglish
(babel)             (\language10). Reported on input line 105.
Package babel Info: Hyphen rules for 'newzealand' set to \l@ukenglish
(babel)             (\language10). Reported on input line 108.
)
(/usr/share/texlive/texmf-dist/tex/generic/babel-spanish/spanish.ldf
Language: spanish.ldf 2021/05/27 v5.0q Spanish support from the babel system
\es@quottoks=\toks32
\es@quotdepth=\count281
Package babel Info: Making " an active character on input line 570.
Package babel Info: Making . an active character on input line 675.
Package babel Info: Making < an active character on input line 722.
Package babel Info: Making > an active character on input line 722.
))
(/usr/share/texlive/texmf-dist/tex/generic/babel/locale/es/babel-spanish.tex
Package babel Info: Importing font and identification data for spanish
(babel)             from babel-es.ini. Reported on input line 11.
)
(/usr/share/texlive/texmf-dist/tex/generic/babel/locale/en/babel-english.tex
Package babel Info: Importing font and identification data for english
(babel)             from babel-en.ini. Reported on input line 11.
)
(/usr/share/texlive/texmf-dist/tex/latex/base/inputenc.sty
Package: inputenc 2021/02/14 v1.3d Input encoding file
\inpenc@prehook=\toks33
\inpenc@posthook=\toks34
)
(/usr/share/texlive/texmf-dist/tex/latex/graphics/graphicx.sty
Package: graphicx 2021/09/16 v1.2d Enhanced LaTeX Graphics (DPC,SPQR)

(/usr/share/texlive/texmf-dist/tex/latex/graphics/graphics.sty
Package: graphics 2022/03/10 v1.4e Standard LaTeX Graphics (DPC,SPQR)

(/usr/share/texlive/texmf-dist/tex/latex/graphics/trig.sty
Package: trig 2021/08/11 v1.11 sin cos tan (DPC)
)
(/usr/share/texlive/texmf-dist/tex/latex/graphics-cfg/graphics.cfg
File: graphics.cfg 2016/06/04 v1.11 sample graphics configuration
)
Package graphics Info: Driver file: pdftex.def on input line 107.
)
\Gin@req@height=\dimen159
\Gin@req@width=\dimen160
)
(/usr/share/texlive/texmf-dist/tex/latex/lastpage/lastpage.sty
Package: lastpage 2023/10/14 v2.0e lastpage: 2.09 or 2e? (HMM)

(/usr/share/texlive/texmf-dist/tex/latex/lastpage/lastpage2e.sty
Package: lastpage2e 2023/10/14 v2.0e Decide which 2e lastpage version to use (H
MM)

(/usr/share/texlive/texmf-dist/tex/latex/lastpage/lastpagemodern.sty
Package: lastpagemodern 2023-10-14 v2.0e Refers to last page's name (HMM; JPG)
\c@lastpagecount=\count282
) 
)) (/usr/share/texlive/texmf-dist/tex/latex/pdflscape/pdflscape.sty
Package: pdflscape 2022-10-27 v0.13 Display of landscape pages in PDF

(/usr/share/texlive/texmf-dist/tex/latex/pdflscape/pdflscape-nometadata.sty
Package: pdflscape-nometadata 2022-10-28 v0.13 Display of landscape pages in PD
F (HO)

(/usr/share/texlive/texmf-dist/tex/latex/graphics/lscape.sty
Package: lscape 2020/05/28 v3.02 Landscape Pages (DPC)
)
Package pdflscape Info: Auto-detected driver: pdftex on input line 81.
))
(/usr/share/texlive/texmf-dist/tex/latex/xcolor/xcolor.sty
Package: xcolor 2023/11/15 v3.01 LaTeX color extensions (UK)

(/usr/share/texlive/texmf-dist/tex/latex/graphics-cfg/color.cfg
File: color.cfg 2016/01/02 v1.6 sample color configuration
)
Package xcolor Info: Driver file: pdftex.def on input line 274.
LaTeX Info: Redefining \color on input line 758.

(/usr/share/texlive/texmf-dist/tex/latex/graphics/mathcolor.ltx)
Package xcolor Info: Model `cmy' substituted by `cmy0' on input line 1350.
Package xcolor Info: Model `hsb' substituted by `rgb' on input line 1354.
Package xcolor Info: Model `RGB' extended on input line 1366.
Package xcolor Info: Model `HTML' substituted by `rgb' on input line 1368.
Package xcolor Info: Model `Hsb' substituted by `hsb' on input line 1369.
Package xcolor Info: Model `tHsb' substituted by `hsb' on input line 1370.
Package xcolor Info: Model `HSB' substituted by `hsb' on input line 1371.
Package xcolor Info: Model `Gray' substituted by `gray' on input line 1372.
Package xcolor Info: Model `wave' substituted by `hsb' on input line 1373.
)
(/usr/share/texlive/texmf-dist/tex/latex/colortbl/colortbl.sty
Package: colortbl 2022/06/20 v1.0f Color table columns (DPC)

(/usr/share/texlive/texmf-dist/tex/latex/tools/array.sty
Package: array 2023/10/16 v2.5g Tabular extension package (FMi)
\col@sep=\dimen161
\ar@mcellbox=\box56
\extrarowheight=\dimen162
\NC@list=\toks35
\extratabsurround=\skip56
\backup@length=\skip57
\ar@cellbox=\box57
)
\everycr=\toks36
\minrowclearance=\skip58
\rownum=\count283
)
(/usr/share/texlive/texmf-dist/tex/latex/multirow/multirow.sty
Package: multirow 2021/03/15 v2.8 Span multiple rows of a table
\multirow@colwidth=\skip59
\multirow@cntb=\count284
\multirow@dima=\skip60
\bigstrutjot=\dimen163
)
(/usr/share/texlive/texmf-dist/tex/latex/tools/tabularx.sty
Package: tabularx 2023/07/08 v2.11c `tabularx' package (DPC)
\TX@col@width=\dimen164
\TX@old@table=\dimen165
\TX@old@col=\dimen166
\TX@target=\dimen167
\TX@delta=\dimen168
\TX@cols=\count285
\TX@ftn=\toks37
)
(/usr/share/texlive/texmf-dist/tex/latex/pgfgantt/pgfgantt.sty
Package: pgfgantt 2018/01/10 v5.0 Draw Gantt diagrams with TikZ

(/usr/share/texlive/texmf-dist/tex/latex/pgf/frontendlayer/tikz.sty
(/usr/share/texlive/texmf-dist/tex/latex/pgf/basiclayer/pgf.sty
(/usr/share/texlive/texmf-dist/tex/latex/pgf/utilities/pgfrcs.sty
(/usr/share/texlive/texmf-dist/tex/generic/pgf/utilities/pgfutil-common.tex
\pgfutil@everybye=\toks38
\pgfutil@tempdima=\dimen169
\pgfutil@tempdimb=\dimen170
)
(/usr/share/texlive/texmf-dist/tex/generic/pgf/utilities/pgfutil-latex.def
\pgfutil@abb=\box58
)
(/usr/share/texlive/texmf-dist/tex/generic/pgf/utilities/pgfrcs.code.tex
(/usr/share/texlive/texmf-dist/tex/generic/pgf/pgf.revision.tex)
Package: pgfrcs 2023-01-15 v3.1.10 (3.1.10)
))
Package: pgf 2023-01-15 v3.1.10 (3.1.10)

(/usr/share/texlive/texmf-dist/tex/latex/pgf/basiclayer/pgfcore.sty
(/usr/share/texlive/texmf-dist/tex/latex/pgf/systemlayer/pgfsys.sty
(/usr/share/texlive/texmf-dist/tex/generic/pgf/systemlayer/pgfsys.code.tex
Package: pgfsys 2023-01-15 v3.1.10 (3.1.10)

(/usr/share/texlive/texmf-dist/tex/generic/pgf/utilities/pgfkeys.code.tex
\pgfkeys@pathtoks=\toks39
\pgfkeys@temptoks=\toks40

(/usr/share/texlive/texmf-dist/tex/generic/pgf/utilities/pgfkeyslibraryfiltered
.code.tex
\pgfkeys@tmptoks=\toks41
))
\pgf@x=\dimen171
\pgf@y=\dimen172
\pgf@xa=\dimen173
\pgf@ya=\dimen174
\pgf@xb=\dimen175
\pgf@yb=\dimen176
\pgf@xc=\dimen177
\pgf@yc=\dimen178
\pgf@xd=\dimen179
\pgf@yd=\dimen180
\w@pgf@writea=\write3
\r@pgf@reada=\read3
\c@pgf@counta=\count286
\c@pgf@countb=\count287
\c@pgf@countc=\count288
\c@pgf@countd=\count289
\t@pgf@toka=\toks42
\t@pgf@tokb=\toks43
\t@pgf@tokc=\toks44
\pgf@sys@id@count=\count290
 (/usr/share/texlive/texmf-dist/tex/generic/pgf/systemlayer/pgf.cfg
File: pgf.cfg 2023-01-15 v3.1.10 (3.1.10)
)
Driver file for pgf: pgfsys-pdftex.def
(/usr/share/texlive/texmf-dist/tex/generic/pgf/systemlayer/pgfsys-pdftex.def
File: pgfsys-pdftex.def 2023-01-15 v3.1.10 (3.1.10)

(/usr/share/texlive/texmf-dist/tex/generic/pgf/systemlayer/pgfsys-common-pdf.de
f
File: pgfsys-common-pdf.def 2023-01-15 v3.1.10 (3.1.10)
)))
(/usr/share/texlive/texmf-dist/tex/generic/pgf/systemlayer/pgfsyssoftpath.code.
tex
File: pgfsyssoftpath.code.tex 2023-01-15 v3.1.10 (3.1.10)
\pgfsyssoftpath@smallbuffer@items=\count291
\pgfsyssoftpath@bigbuffer@items=\count292
)
(/usr/share/texlive/texmf-dist/tex/generic/pgf/systemlayer/pgfsysprotocol.code.
tex
File: pgfsysprotocol.code.tex 2023-01-15 v3.1.10 (3.1.10)
))
(/usr/share/texlive/texmf-dist/tex/generic/pgf/basiclayer/pgfcore.code.tex
Package: pgfcore 2023-01-15 v3.1.10 (3.1.10)

(/usr/share/texlive/texmf-dist/tex/generic/pgf/math/pgfmath.code.tex
(/usr/share/texlive/texmf-dist/tex/generic/pgf/math/pgfmathutil.code.tex)
(/usr/share/texlive/texmf-dist/tex/generic/pgf/math/pgfmathparser.code.tex
\pgfmath@dimen=\dimen181
\pgfmath@count=\count293
\pgfmath@box=\box59
\pgfmath@toks=\toks45
\pgfmath@stack@operand=\toks46
\pgfmath@stack@operation=\toks47
)
(/usr/share/texlive/texmf-dist/tex/generic/pgf/math/pgfmathfunctions.code.tex)
(/usr/share/texlive/texmf-dist/tex/generic/pgf/math/pgfmathfunctions.basic.code
.tex)
(/usr/share/texlive/texmf-dist/tex/generic/pgf/math/pgfmathfunctions.trigonomet
ric.code.tex)
(/usr/share/texlive/texmf-dist/tex/generic/pgf/math/pgfmathfunctions.random.cod
e.tex)
(/usr/share/texlive/texmf-dist/tex/generic/pgf/math/pgfmathfunctions.comparison
.code.tex)
(/usr/share/texlive/texmf-dist/tex/generic/pgf/math/pgfmathfunctions.base.code.
tex)
(/usr/share/texlive/texmf-dist/tex/generic/pgf/math/pgfmathfunctions.round.code
.tex)
(/usr/share/texlive/texmf-dist/tex/generic/pgf/math/pgfmathfunctions.misc.code.
tex)
(/usr/share/texlive/texmf-dist/tex/generic/pgf/math/pgfmathfunctions.integerari
thmetics.code.tex)
(/usr/share/texlive/texmf-dist/tex/generic/pgf/math/pgfmathcalc.code.tex)
(/usr/share/texlive/texmf-dist/tex/generic/pgf/math/pgfmathfloat.code.tex
\c@pgfmathroundto@lastzeros=\count294
))
(/usr/share/texlive/texmf-dist/tex/generic/pgf/math/pgfint.code.tex)
(/usr/share/texlive/texmf-dist/tex/generic/pgf/basiclayer/pgfcorepoints.code.te
x
File: pgfcorepoints.code.tex 2023-01-15 v3.1.10 (3.1.10)
\pgf@picminx=\dimen182
\pgf@picmaxx=\dimen183
\pgf@picminy=\dimen184
\pgf@picmaxy=\dimen185
\pgf@pathminx=\dimen186
\pgf@pathmaxx=\dimen187
\pgf@pathminy=\dimen188
\pgf@pathmaxy=\dimen189
\pgf@xx=\dimen190
\pgf@xy=\dimen191
\pgf@yx=\dimen192
\pgf@yy=\dimen193
\pgf@zx=\dimen194
\pgf@zy=\dimen195
)
(/usr/share/texlive/texmf-dist/tex/generic/pgf/basiclayer/pgfcorepathconstruct.
code.tex
File: pgfcorepathconstruct.code.tex 2023-01-15 v3.1.10 (3.1.10)
\pgf@path@lastx=\dimen196
\pgf@path@lasty=\dimen197
)
(/usr/share/texlive/texmf-dist/tex/generic/pgf/basiclayer/pgfcorepathusage.code
.tex
File: pgfcorepathusage.code.tex 2023-01-15 v3.1.10 (3.1.10)
\pgf@shorten@end@additional=\dimen198
\pgf@shorten@start@additional=\dimen199
)
(/usr/share/texlive/texmf-dist/tex/generic/pgf/basiclayer/pgfcorescopes.code.te
x
File: pgfcorescopes.code.tex 2023-01-15 v3.1.10 (3.1.10)
\pgfpic=\box60
\pgf@hbox=\box61
\pgf@layerbox@main=\box62
\pgf@picture@serial@count=\count295
)
(/usr/share/texlive/texmf-dist/tex/generic/pgf/basiclayer/pgfcoregraphicstate.c
ode.tex
File: pgfcoregraphicstate.code.tex 2023-01-15 v3.1.10 (3.1.10)
\pgflinewidth=\dimen256
)
(/usr/share/texlive/texmf-dist/tex/generic/pgf/basiclayer/pgfcoretransformation
s.code.tex
File: pgfcoretransformations.code.tex 2023-01-15 v3.1.10 (3.1.10)
\pgf@pt@x=\dimen257
\pgf@pt@y=\dimen258
\pgf@pt@temp=\dimen259
)
(/usr/share/texlive/texmf-dist/tex/generic/pgf/basiclayer/pgfcorequick.code.tex
File: pgfcorequick.code.tex 2023-01-15 v3.1.10 (3.1.10)
)
(/usr/share/texlive/texmf-dist/tex/generic/pgf/basiclayer/pgfcoreobjects.code.t
ex
File: pgfcoreobjects.code.tex 2023-01-15 v3.1.10 (3.1.10)
)
(/usr/share/texlive/texmf-dist/tex/generic/pgf/basiclayer/pgfcorepathprocessing
.code.tex
File: pgfcorepathprocessing.code.tex 2023-01-15 v3.1.10 (3.1.10)
)
(/usr/share/texlive/texmf-dist/tex/generic/pgf/basiclayer/pgfcorearrows.code.te
x
File: pgfcorearrows.code.tex 2023-01-15 v3.1.10 (3.1.10)
\pgfarrowsep=\dimen260
)
(/usr/share/texlive/texmf-dist/tex/generic/pgf/basiclayer/pgfcoreshade.code.tex
File: pgfcoreshade.code.tex 2023-01-15 v3.1.10 (3.1.10)
\pgf@max=\dimen261
\pgf@sys@shading@range@num=\count296
\pgf@shadingcount=\count297
)
(/usr/share/texlive/texmf-dist/tex/generic/pgf/basiclayer/pgfcoreimage.code.tex
File: pgfcoreimage.code.tex 2023-01-15 v3.1.10 (3.1.10)
)
(/usr/share/texlive/texmf-dist/tex/generic/pgf/basiclayer/pgfcoreexternal.code.
tex
File: pgfcoreexternal.code.tex 2023-01-15 v3.1.10 (3.1.10)
\pgfexternal@startupbox=\box63
)
(/usr/share/texlive/texmf-dist/tex/generic/pgf/basiclayer/pgfcorelayers.code.te
x
File: pgfcorelayers.code.tex 2023-01-15 v3.1.10 (3.1.10)
)
(/usr/share/texlive/texmf-dist/tex/generic/pgf/basiclayer/pgfcoretransparency.c
ode.tex
File: pgfcoretransparency.code.tex 2023-01-15 v3.1.10 (3.1.10)
)
(/usr/share/texlive/texmf-dist/tex/generic/pgf/basiclayer/pgfcorepatterns.code.
tex
File: pgfcorepatterns.code.tex 2023-01-15 v3.1.10 (3.1.10)
)
(/usr/share/texlive/texmf-dist/tex/generic/pgf/basiclayer/pgfcorerdf.code.tex
File: pgfcorerdf.code.tex 2023-01-15 v3.1.10 (3.1.10)
)))
(/usr/share/texlive/texmf-dist/tex/generic/pgf/modules/pgfmoduleshapes.code.tex
File: pgfmoduleshapes.code.tex 2023-01-15 v3.1.10 (3.1.10)
\pgfnodeparttextbox=\box64
) (/usr/share/texlive/texmf-dist/tex/generic/pgf/modules/pgfmoduleplot.code.tex
File: pgfmoduleplot.code.tex 2023-01-15 v3.1.10 (3.1.10)
)
(/usr/share/texlive/texmf-dist/tex/latex/pgf/compatibility/pgfcomp-version-0-65
.sty
Package: pgfcomp-version-0-65 2023-01-15 v3.1.10 (3.1.10)
\pgf@nodesepstart=\dimen262
\pgf@nodesepend=\dimen263
)
(/usr/share/texlive/texmf-dist/tex/latex/pgf/compatibility/pgfcomp-version-1-18
.sty
Package: pgfcomp-version-1-18 2023-01-15 v3.1.10 (3.1.10)
)) (/usr/share/texlive/texmf-dist/tex/latex/pgf/utilities/pgffor.sty
(/usr/share/texlive/texmf-dist/tex/latex/pgf/utilities/pgfkeys.sty
(/usr/share/texlive/texmf-dist/tex/generic/pgf/utilities/pgfkeys.code.tex))
(/usr/share/texlive/texmf-dist/tex/latex/pgf/math/pgfmath.sty
(/usr/share/texlive/texmf-dist/tex/generic/pgf/math/pgfmath.code.tex))
(/usr/share/texlive/texmf-dist/tex/generic/pgf/utilities/pgffor.code.tex
Package: pgffor 2023-01-15 v3.1.10 (3.1.10)
\pgffor@iter=\dimen264
\pgffor@skip=\dimen265
\pgffor@stack=\toks48
\pgffor@toks=\toks49
))
(/usr/share/texlive/texmf-dist/tex/generic/pgf/frontendlayer/tikz/tikz.code.tex
Package: tikz 2023-01-15 v3.1.10 (3.1.10)

(/usr/share/texlive/texmf-dist/tex/generic/pgf/libraries/pgflibraryplothandlers
.code.tex
File: pgflibraryplothandlers.code.tex 2023-01-15 v3.1.10 (3.1.10)
\pgf@plot@mark@count=\count298
\pgfplotmarksize=\dimen266
)
\tikz@lastx=\dimen267
\tikz@lasty=\dimen268
\tikz@lastxsaved=\dimen269
\tikz@lastysaved=\dimen270
\tikz@lastmovetox=\dimen271
\tikz@lastmovetoy=\dimen272
\tikzleveldistance=\dimen273
\tikzsiblingdistance=\dimen274
\tikz@figbox=\box65
\tikz@figbox@bg=\box66
\tikz@tempbox=\box67
\tikz@tempbox@bg=\box68
\tikztreelevel=\count299
\tikznumberofchildren=\count300
\tikznumberofcurrentchild=\count301
\tikz@fig@count=\count302

(/usr/share/texlive/texmf-dist/tex/generic/pgf/modules/pgfmodulematrix.code.tex
File: pgfmodulematrix.code.tex 2023-01-15 v3.1.10 (3.1.10)
\pgfmatrixcurrentrow=\count303
\pgfmatrixcurrentcolumn=\count304
\pgf@matrix@numberofcolumns=\count305
)
\tikz@expandcount=\count306

(/usr/share/texlive/texmf-dist/tex/generic/pgf/frontendlayer/tikz/libraries/tik
zlibrarytopaths.code.tex
File: tikzlibrarytopaths.code.tex 2023-01-15 v3.1.10 (3.1.10)
)))
(/usr/share/texlive/texmf-dist/tex/generic/pgf/frontendlayer/tikz/libraries/tik
zlibraryarrows.code.tex
File: tikzlibraryarrows.code.tex 2023-01-15 v3.1.10 (3.1.10)

(/usr/share/texlive/texmf-dist/tex/generic/pgf/libraries/pgflibraryarrows.code.
tex
File: pgflibraryarrows.code.tex 2023-01-15 v3.1.10 (3.1.10)
\arrowsize=\dimen275
))
(/usr/share/texlive/texmf-dist/tex/generic/pgf/frontendlayer/tikz/libraries/tik
zlibrarybackgrounds.code.tex
File: tikzlibrarybackgrounds.code.tex 2023-01-15 v3.1.10 (3.1.10)
\pgf@layerbox@background=\box69
\pgf@layerboxsaved@background=\box70
)
(/usr/share/texlive/texmf-dist/tex/generic/pgf/frontendlayer/tikz/libraries/tik
zlibrarycalc.code.tex
File: tikzlibrarycalc.code.tex 2023-01-15 v3.1.10 (3.1.10)
)
(/usr/share/texlive/texmf-dist/tex/generic/pgf/frontendlayer/tikz/libraries/tik
zlibrarypatterns.code.tex
File: tikzlibrarypatterns.code.tex 2023-01-15 v3.1.10 (3.1.10)

(/usr/share/texlive/texmf-dist/tex/generic/pgf/libraries/pgflibrarypatterns.cod
e.tex
File: pgflibrarypatterns.code.tex 2023-01-15 v3.1.10 (3.1.10)
))
(/usr/share/texlive/texmf-dist/tex/generic/pgf/frontendlayer/tikz/libraries/tik
zlibrarypositioning.code.tex
File: tikzlibrarypositioning.code.tex 2023-01-15 v3.1.10 (3.1.10)
)
(/usr/share/texlive/texmf-dist/tex/generic/pgf/frontendlayer/tikz/libraries/tik
zlibraryshapes.geometric.code.tex
File: tikzlibraryshapes.geometric.code.tex 2023-01-15 v3.1.10 (3.1.10)

(/usr/share/texlive/texmf-dist/tex/generic/pgf/libraries/shapes/pgflibraryshape
s.geometric.code.tex
File: pgflibraryshapes.geometric.code.tex 2023-01-15 v3.1.10 (3.1.10)
))
(/usr/share/texlive/texmf-dist/tex/latex/pgf/utilities/pgfcalendar.sty
(/usr/share/texlive/texmf-dist/tex/generic/pgf/utilities/pgfcalendar.code.tex
File: pgfcalendar.code.tex 2023-01-15 v3.1.10 (3.1.10)
\pgfcalendarcurrentjulian=\count307
\pgf@cal@easter@Y=\count308
\pgf@cal@easter@G=\count309
\pgf@cal@easter@C=\count310
\pgf@cal@easter@X=\count311
\pgf@cal@easter@Z=\count312
\pgf@cal@easter@D=\count313
\pgf@cal@easter@E=\count314
\pgf@cal@easter@N=\count315
\pgf@cal@easter@M=\count316
\pgf@cal@easter@julianday=\count317
))
\gtt@currentline=\count318
\gtt@lasttitleline=\count319
\gtt@currgrid=\count320
\gtt@chartwidth=\count321
\gtt@lasttitleslot=\count322
\gtt@elementid=\count323
\gtt@today@slot=\count324
\gtt@startjulian=\count325
\gtt@endjulian=\count326
\gtt@chartid=\count327
\gtt@vrule@slot=\count328
\gtt@calendar@slots=\count329
\gtt@calendar@weeknumber=\count330
\gtt@calendar@startofweek=\count331
\gtt@left@slot=\count332
\gtt@right@slot=\count333
) (/usr/share/texlive/texmf-dist/tex/latex/placeins/placeins.sty
Package: placeins 2005/04/18  v 2.2
)
(/usr/share/texlive/texmf-dist/tex/latex/caption/caption.sty
Package: caption 2023/08/05 v3.6o Customizing captions (AR)

(/usr/share/texlive/texmf-dist/tex/latex/caption/caption3.sty
Package: caption3 2023/07/31 v2.4d caption3 kernel (AR)
\caption@tempdima=\dimen276
\captionmargin=\dimen277
\caption@leftmargin=\dimen278
\caption@rightmargin=\dimen279
\caption@width=\dimen280
\caption@indent=\dimen281
\caption@parindent=\dimen282
\caption@hangindent=\dimen283
Package caption Info: Standard document class detected.
)
\c@caption@flags=\count334
\c@continuedfloat=\count335
Package caption Info: float package is loaded.
)
(/usr/share/texlive/texmf-dist/tex/latex/tools/longtable.sty
Package: longtable 2023-11-01 v4.19 Multi-page Table package (DPC)
\LTleft=\skip61
\LTright=\skip62
\LTpre=\skip63
\LTpost=\skip64
\LTchunksize=\count336
\LTcapwidth=\dimen284
\LT@head=\box71
\LT@firsthead=\box72
\LT@foot=\box73
\LT@lastfoot=\box74
\LT@gbox=\box75
\LT@cols=\count337
\LT@rows=\count338
\c@LT@tables=\count339
\c@LT@chunks=\count340
\LT@p@ftn=\toks50
)
(/usr/share/texlive/texmf-dist/tex/latex/hyperref/hyperref.sty
Package: hyperref 2024-01-20 v7.01h Hypertext links for LaTeX

(/usr/share/texlive/texmf-dist/tex/latex/kvsetkeys/kvsetkeys.sty
Package: kvsetkeys 2022-10-05 v1.19 Key value parser (HO)
)
(/usr/share/texlive/texmf-dist/tex/generic/kvdefinekeys/kvdefinekeys.sty
Package: kvdefinekeys 2019-12-19 v1.6 Define keys (HO)
)
(/usr/share/texlive/texmf-dist/tex/generic/pdfescape/pdfescape.sty
Package: pdfescape 2019/12/09 v1.15 Implements pdfTeX's escape features (HO)

(/usr/share/texlive/texmf-dist/tex/generic/ltxcmds/ltxcmds.sty
Package: ltxcmds 2023-12-04 v1.26 LaTeX kernel commands for general use (HO)
)
(/usr/share/texlive/texmf-dist/tex/generic/pdftexcmds/pdftexcmds.sty
Package: pdftexcmds 2020-06-27 v0.33 Utility functions of pdfTeX for LuaTeX (HO
)

(/usr/share/texlive/texmf-dist/tex/generic/infwarerr/infwarerr.sty
Package: infwarerr 2019/12/03 v1.5 Providing info/warning/error messages (HO)
)
Package pdftexcmds Info: \pdf@primitive is available.
Package pdftexcmds Info: \pdf@ifprimitive is available.
Package pdftexcmds Info: \pdfdraftmode found.
))
(/usr/share/texlive/texmf-dist/tex/latex/hycolor/hycolor.sty
Package: hycolor 2020-01-27 v1.10 Color options for hyperref/bookmark (HO)
)
(/usr/share/texlive/texmf-dist/tex/latex/auxhook/auxhook.sty
Package: auxhook 2019-12-17 v1.6 Hooks for auxiliary files (HO)
)
(/usr/share/texlive/texmf-dist/tex/latex/hyperref/nameref.sty
Package: nameref 2023-11-26 v2.56 Cross-referencing by name of section

(/usr/share/texlive/texmf-dist/tex/latex/refcount/refcount.sty
Package: refcount 2019/12/15 v3.6 Data extraction from label references (HO)
)
(/usr/share/texlive/texmf-dist/tex/generic/gettitlestring/gettitlestring.sty
Package: gettitlestring 2019/12/15 v1.6 Cleanup title references (HO)

(/usr/share/texlive/texmf-dist/tex/latex/kvoptions/kvoptions.sty
Package: kvoptions 2022-06-15 v3.15 Key value format for package options (HO)
))
\c@section@level=\count341
)
\@linkdim=\dimen285
\Hy@linkcounter=\count342
\Hy@pagecounter=\count343

(/usr/share/texlive/texmf-dist/tex/latex/hyperref/pd1enc.def
File: pd1enc.def 2024-01-20 v7.01h Hyperref: PDFDocEncoding definition (HO)
Now handling font encoding PD1 ...
... no UTF-8 mapping file for font encoding PD1
)
(/usr/share/texlive/texmf-dist/tex/generic/intcalc/intcalc.sty
Package: intcalc 2019/12/15 v1.3 Expandable calculations with integers (HO)
)
\Hy@SavedSpaceFactor=\count344

(/usr/share/texlive/texmf-dist/tex/latex/hyperref/puenc.def
File: puenc.def 2024-01-20 v7.01h Hyperref: PDF Unicode definition (HO)
Now handling font encoding PU ...
... no UTF-8 mapping file for font encoding PU
)
Package hyperref Info: Option `bookmarks' set `true' on input line 4062.
Package hyperref Info: Option `unicode' set `false' on input line 4062.
Package hyperref Info: Option `pdftoolbar' set `true' on input line 4062.
Package hyperref Info: Option `pdfmenubar' set `true' on input line 4062.
Package hyperref Info: Option `pdffitwindow' set `false' on input line 4062.
Package hyperref Info: Option `colorlinks' set `true' on input line 4062.
Package hyperref Info: Hyper figures OFF on input line 4179.
Package hyperref Info: Link nesting OFF on input line 4184.
Package hyperref Info: Hyper index ON on input line 4187.
Package hyperref Info: Plain pages OFF on input line 4194.
Package hyperref Info: Backreferencing OFF on input line 4199.
Package hyperref Info: Implicit mode ON; LaTeX internals redefined.
Package hyperref Info: Bookmarks ON on input line 4446.
\c@Hy@tempcnt=\count345
LaTeX Info: Redefining \url on input line 4784.
\XeTeXLinkMargin=\dimen286

(/usr/share/texlive/texmf-dist/tex/generic/bitset/bitset.sty
Package: bitset 2019/12/09 v1.3 Handle bit-vector datatype (HO)

(/usr/share/texlive/texmf-dist/tex/generic/bigintcalc/bigintcalc.sty
Package: bigintcalc 2019/12/15 v1.5 Expandable calculations on big integers (HO
)
))
\Fld@menulength=\count346
\Field@Width=\dimen287
\Fld@charsize=\dimen288
Package hyperref Info: Hyper figures OFF on input line 6063.
Package hyperref Info: Link nesting OFF on input line 6068.
Package hyperref Info: Hyper index ON on input line 6071.
Package hyperref Info: backreferencing OFF on input line 6078.
Package hyperref Info: Link coloring ON on input line 6081.
Package hyperref Info: Link coloring with OCG OFF on input line 6088.
Package hyperref Info: PDF/A mode OFF on input line 6093.

(/usr/share/texlive/texmf-dist/tex/latex/base/atbegshi-ltx.sty
Package: atbegshi-ltx 2021/01/10 v1.0c Emulation of the original atbegshi
package with kernel methods
)
\Hy@abspage=\count347
\c@Item=\count348
\c@Hfootnote=\count349
)
Package hyperref Info: Driver (autodetected): hpdftex.

(/usr/share/texlive/texmf-dist/tex/latex/hyperref/hpdftex.def
File: hpdftex.def 2024-01-20 v7.01h Hyperref driver for pdfTeX

(/usr/share/texlive/texmf-dist/tex/latex/base/atveryend-ltx.sty
Package: atveryend-ltx 2020/08/19 v1.0a Emulation of the original atveryend pac
kage
with kernel methods
)
\Fld@listcount=\count350
\c@bookmark@seq@number=\count351

(/usr/share/texlive/texmf-dist/tex/latex/rerunfilecheck/rerunfilecheck.sty
Package: rerunfilecheck 2022-07-10 v1.10 Rerun checks for auxiliary files (HO)

(/usr/share/texlive/texmf-dist/tex/generic/uniquecounter/uniquecounter.sty
Package: uniquecounter 2019/12/15 v1.4 Provide unlimited unique counter (HO)
)
Package uniquecounter Info: New unique counter `rerunfilecheck' on input line 2
85.
)
\Hy@SectionHShift=\skip65
)
(/usr/share/texlive/texmf-dist/tex/latex/fancyhdr/fancyhdr.sty
Package: fancyhdr 2022/11/09 v4.1 Extensive control of page headers and footers

\f@nch@headwidth=\skip66
\f@nch@O@elh=\skip67
\f@nch@O@erh=\skip68
\f@nch@O@olh=\skip69
\f@nch@O@orh=\skip70
\f@nch@O@elf=\skip71
\f@nch@O@erf=\skip72
\f@nch@O@olf=\skip73
\f@nch@O@orf=\skip74
)
Package hyperref Info: Option `bookmarksnumbered' set `true' on input line 167.

Package hyperref Info: Option `bookmarksopen' set `false' on input line 167.
Package hyperref Info: Option `pdffitwindow' set `true' on input line 167.
Package hyperref Info: Option `pdfnewwindow' set `true' on input line 167.
Package hyperref Info: Option `unicode' set `true' on input line 167.

(/usr/share/texlive/texmf-dist/tex/latex/titlesec/titlesec.sty
Package: titlesec 2023/10/27 v2.16 Sectioning titles
\ttl@box=\box76
\beforetitleunit=\skip75
\aftertitleunit=\skip76
\ttl@plus=\dimen289
\ttl@minus=\dimen290
\ttl@toksa=\toks51
\titlewidth=\dimen291
\titlewidthlast=\dimen292
\titlewidthfirst=\dimen293
)
(/usr/share/texlive/texmf-dist/tex/latex/titlesec/titletoc.sty
Package: titletoc 2023/10/27 v2.16 TOC entries
\ttl@leftsep=\dimen294
)) (./charter.aux
LaTeX Info: Redefining \. on input line 11.
LaTeX Info: Redefining \% on input line 11.
)
\openout1 = `charter.aux'.

LaTeX Font Info:    Checking defaults for OML/cmm/m/it on input line 36.
LaTeX Font Info:    ... okay on input line 36.
LaTeX Font Info:    Checking defaults for OMS/cmsy/m/n on input line 36.
LaTeX Font Info:    ... okay on input line 36.
LaTeX Font Info:    Checking defaults for OT1/cmr/m/n on input line 36.
LaTeX Font Info:    ... okay on input line 36.
LaTeX Font Info:    Checking defaults for T1/cmr/m/n on input line 36.
LaTeX Font Info:    ... okay on input line 36.
LaTeX Font Info:    Checking defaults for TS1/cmr/m/n on input line 36.
LaTeX Font Info:    ... okay on input line 36.
LaTeX Font Info:    Checking defaults for OMX/cmex/m/n on input line 36.
LaTeX Font Info:    ... okay on input line 36.
LaTeX Font Info:    Checking defaults for U/cmr/m/n on input line 36.
LaTeX Font Info:    ... okay on input line 36.
LaTeX Font Info:    Checking defaults for PD1/pdf/m/n on input line 36.
LaTeX Font Info:    ... okay on input line 36.
LaTeX Font Info:    Checking defaults for PU/pdf/m/n on input line 36.
LaTeX Font Info:    ... okay on input line 36.
 (/usr/share/texlive/texmf-dist/tex/context/base/mkii/supp-pdf.mkii
[Loading MPS to PDF converter (version 2006.09.02).]
\scratchcounter=\count352
\scratchdimen=\dimen295
\scratchbox=\box77
\nofMPsegments=\count353
\nofMParguments=\count354
\everyMPshowfont=\toks52
\MPscratchCnt=\count355
\MPscratchDim=\dimen296
\MPnumerator=\count356
\makeMPintoPDFobject=\count357
\everyMPtoPDFconversion=\toks53
) (/usr/share/texlive/texmf-dist/tex/latex/epstopdf-pkg/epstopdf-base.sty
Package: epstopdf-base 2020-01-24 v2.11 Base part for package epstopdf
Package epstopdf-base Info: Redefining graphics rule for `.eps' on input line 4
85.

(/usr/share/texlive/texmf-dist/tex/latex/latexconfig/epstopdf-sys.cfg
File: epstopdf-sys.cfg 2010/07/13 v1.3 Configuration of (r)epstopdf for TeX Liv
e
))
*geometry* driver: auto-detecting
*geometry* detected driver: pdftex
*geometry* verbose mode - [ preamble ] result:
* driver: pdftex
* paper: <default>
* layout: <same size as paper>
* layoutoffset:(h,v)=(0.0pt,0.0pt)
* vratio: 1:1
* modes: 
* h-part:(L,W,R)=(72.26999pt, 452.9679pt, 72.26999pt)
* v-part:(T,H,B)=(72.26999pt, 700.50687pt, 72.26999pt)
* \paperwidth=597.50787pt
* \paperheight=845.04684pt
* \textwidth=452.9679pt
* \textheight=700.50687pt
* \oddsidemargin=0.0pt
* \evensidemargin=0.0pt
* \topmargin=-37.0pt
* \headheight=42.0pt
* \headsep=25.0pt
* \topskip=11.0pt
* \footskip=30.0pt
* \marginparwidth=50.0pt
* \marginparsep=10.0pt
* \columnsep=10.0pt
* \skip\footins=10.0pt plus 4.0pt minus 2.0pt
* \hoffset=0.0pt
* \voffset=0.0pt
* \mag=1000
* \@twocolumnfalse
* \@twosidefalse
* \@mparswitchfalse
* \@reversemarginfalse
* (1in=72.27pt=25.4mm, 1cm=28.453pt)

LaTeX Info: Redefining \. on input line 36.
LaTeX Info: Redefining \% on input line 36.
Package caption Info: Begin \AtBeginDocument code.
Package caption Info: hyperref package is loaded.
Package caption Info: longtable package is loaded.
(/usr/share/texlive/texmf-dist/tex/latex/caption/ltcaption.sty
Package: ltcaption 2021/01/08 v1.4c longtable captions (AR)
)
Package caption Info: End \AtBeginDocument code.
Package hyperref Info: Link coloring ON on input line 36.
 (./charter.out) (./charter.out)
\@outlinefile=\write4
\openout4 = `charter.out'.

<./Figuras/logoFIUBA.pdf, id=67, 460.9062pt x 153.61644pt>
File: ./Figuras/logoFIUBA.pdf Graphic file (type pdf)
<use ./Figuras/logoFIUBA.pdf>
Package pdftex.def Info: ./Figuras/logoFIUBA.pdf  used on input line 39.
(pdftex.def)             Requested size: 317.07614pt x 105.68369pt.
 [1

{/var/lib/texmf/fonts/map/pdftex/updmap/pdftex.map} <./Figuras/logoFIUBA.pdf>] 
(./charter.toc
LaTeX Info: Redefining \. on input line 1.
LaTeX Info: Redefining \% on input line 1.
)
\tf@toc=\write5
\openout5 = `charter.toc'.

 [2]
(/usr/share/texlive/texmf-dist/tex/latex/amsfonts/umsa.fd)
(/usr/share/texlive/texmf-dist/tex/latex/amsfonts/umsb.fd)
File: ./Figuras/logoFIUBA.pdf Graphic file (type pdf)
<use ./Figuras/logoFIUBA.pdf>
Package pdftex.def Info: ./Figuras/logoFIUBA.pdf  used on input line 77.
(pdftex.def)             Requested size: 99.58464pt x 33.19096pt.
 [3]
File: ./Figuras/logoFIUBA.pdf Graphic file (type pdf)
<use ./Figuras/logoFIUBA.pdf>
Package pdftex.def Info: ./Figuras/logoFIUBA.pdf  used on input line 117.
(pdftex.def)             Requested size: 99.58464pt x 33.19096pt.
 [4]
<./Figuras/diagBloques.png, id=130, 423.5825pt x 352.31625pt>
File: ./Figuras/diagBloques.png Graphic file (type png)
<use ./Figuras/diagBloques.png>
Package pdftex.def Info: ./Figuras/diagBloques.png  used on input line 125.
(pdftex.def)             Requested size: 226.48395pt x 188.37712pt.
File: ./Figuras/logoFIUBA.pdf Graphic file (type pdf)
<use ./Figuras/logoFIUBA.pdf>
Package pdftex.def Info: ./Figuras/logoFIUBA.pdf  used on input line 160.
(pdftex.def)             Requested size: 99.58464pt x 33.19096pt.
 [5 <./Figuras/diagBloques.png>]
File: ./Figuras/logoFIUBA.pdf Graphic file (type pdf)
<use ./Figuras/logoFIUBA.pdf>
Package pdftex.def Info: ./Figuras/logoFIUBA.pdf  used on input line 208.
(pdftex.def)             Requested size: 99.58464pt x 33.19096pt.
 [6]
File: ./Figuras/logoFIUBA.pdf Graphic file (type pdf)
<use ./Figuras/logoFIUBA.pdf>
Package pdftex.def Info: ./Figuras/logoFIUBA.pdf  used on input line 254.
(pdftex.def)             Requested size: 99.58464pt x 33.19096pt.
 [7]
Overfull \hbox (1.64624pt too wide) in paragraph at lines 298--299
[]\OT1/cmr/m/n/10.95 HU7: Prue-bas de ta-sa de ca^^S^^Pdas, ve-lo-ci-dad, tra-y
ec-to-rias CoM/ZMP, energ^^S^^Pa/distancia.
 []

File: ./Figuras/logoFIUBA.pdf Graphic file (type pdf)
<use ./Figuras/logoFIUBA.pdf>
Package pdftex.def Info: ./Figuras/logoFIUBA.pdf  used on input line 299.
(pdftex.def)             Requested size: 99.58464pt x 33.19096pt.
[8]
Underfull \hbox (badness 2495) in paragraph at lines 359--359
[]|\OT1/cmr/m/n/10.95 Modelo 3D sen-so-res ac-tua-do-res v^^S^^Pncu-los
 []

File: ./Figuras/logoFIUBA.pdf Graphic file (type pdf)
<use ./Figuras/logoFIUBA.pdf>
Package pdftex.def Info: ./Figuras/logoFIUBA.pdf  used on input line 360.
(pdftex.def)             Requested size: 99.58464pt x 33.19096pt.
[9]
Underfull \hbox (badness 10000) in paragraph at lines 385--385
[]|\OT1/cmr/m/n/10.95 Reuni^^Son con el
 []


Underfull \hbox (badness 10000) in paragraph at lines 385--385
[]|\OT1/cmr/m/n/10.95 Determinar y
 []


Underfull \hbox (badness 10000) in paragraph at lines 385--385
\OT1/cmr/m/n/10.95 par^^Same-tros f^^S^^Psi-cos y
 []


Underfull \hbox (badness 1603) in paragraph at lines 385--385
[]|\OT1/cmr/m/n/10.95 Modelo 3D con sen-so-
 []


Underfull \hbox (badness 3954) in paragraph at lines 385--385
[]|\OT1/cmr/m/n/10.95 Configurar una es-ce-na
 []


Underfull \hbox (badness 6332) in paragraph at lines 385--385
\OT1/cmr/m/n/10.95 ba-se en el si-mu-la-dor
 []


Underfull \hbox (badness 1147) in paragraph at lines 385--385
[]|\OT1/cmr/m/n/10.95 Implementar el ge-ne-ra-
 []


Underfull \hbox (badness 1867) in paragraph at lines 385--385
\OT1/cmr/m/n/10.95 dor de tra-yec-to-rias de
 []


Underfull \hbox (badness 10000) in paragraph at lines 385--385
[]|\OT1/cmr/m/n/10.95 Visualizar ZMP,
 []


Underfull \hbox (badness 10000) in paragraph at lines 385--385
\OT1/cmr/m/n/10.95 pol^^S^^Pgono de so-por-te
 []


Underfull \hbox (badness 3049) in paragraph at lines 385--385
\OT1/cmr/m/n/10.95 y cen-tro de ma-sa en
 []


Underfull \hbox (badness 1577) in paragraph at lines 409--409
\OT1/cmr/m/n/10.95 es-ce-na de si-mu-la-ci^^Son ya
 []


Underfull \hbox (badness 5771) in paragraph at lines 409--409
\OT1/cmr/m/n/10.95 por imi-ta-ci^^Son (beha-vior
 []


Underfull \hbox (badness 1584) in paragraph at lines 409--409
\OT1/cmr/m/n/10.95 na-da en el si-mu-la-dor y
 []


Underfull \hbox (badness 1484) in paragraph at lines 409--409
[]|\OT1/cmr/m/n/10.95 Configurar y eje-cu-tar el
 []


Underfull \hbox (badness 10000) in paragraph at lines 409--409
[]|\OT1/cmr/m/n/10.95 Dise~nar y
 []


Underfull \hbox (badness 10000) in paragraph at lines 409--409
\OT1/cmr/m/n/10.95 re-gis-trar m^^Setri-cas
 []


Underfull \hbox (badness 10000) in paragraph at lines 409--409
\OT1/cmr/m/n/10.95 (ca^^S^^Pdas, ve-lo-ci-dad,
 []


Underfull \hbox (badness 3039) in paragraph at lines 409--409
\OT1/cmr/m/n/10.95 ma-ce-na-mien-to de m^^Setri-
 []


Underfull \hbox (badness 10000) in paragraph at lines 409--409
[]|\OT1/cmr/m/n/10.95 Integrar
 []


Underfull \hbox (badness 10000) in paragraph at lines 409--409
\OT1/cmr/m/n/10.95 dash-boards/notebooks
 []


Underfull \hbox (badness 10000) in paragraph at lines 409--409
\OT1/cmr/m/n/10.95 en el flu-jo de
 []

File: ./Figuras/logoFIUBA.pdf Graphic file (type pdf)
<use ./Figuras/logoFIUBA.pdf>
Package pdftex.def Info: ./Figuras/logoFIUBA.pdf  used on input line 414.
(pdftex.def)             Requested size: 99.58464pt x 33.19096pt.
[10]
File: ./Figuras/logoFIUBA.pdf Graphic file (type pdf)
<use ./Figuras/logoFIUBA.pdf>
Package pdftex.def Info: ./Figuras/logoFIUBA.pdf  used on input line 414.
(pdftex.def)             Requested size: 99.58464pt x 33.19096pt.
 [11]
File: ./Figuras/logoFIUBA.pdf Graphic file (type pdf)
<use ./Figuras/logoFIUBA.pdf>
Package pdftex.def Info: ./Figuras/logoFIUBA.pdf  used on input line 414.
(pdftex.def)             Requested size: 99.58464pt x 33.19096pt.
 [12]
<./Figuras/gantt2.png, id=186, 2146.0175pt x 2409.0pt>
File: ./Figuras/gantt2.png Graphic file (type png)
<use ./Figuras/gantt2.png>
Package pdftex.def Info: ./Figuras/gantt2.png  used on input line 418.
(pdftex.def)             Requested size: 452.9679pt x 508.47803pt.

Underfull \hbox (badness 10000) in paragraph at lines 433--435

 []


Underfull \hbox (badness 10000) in paragraph at lines 433--435

 []

File: ./Figuras/logoFIUBA.pdf Graphic file (type pdf)
<use ./Figuras/logoFIUBA.pdf>
Package pdftex.def Info: ./Figuras/logoFIUBA.pdf  used on input line 436.
(pdftex.def)             Requested size: 99.58464pt x 33.19096pt.
[13 <./Figuras/gantt2.png>]
Underfull \hbox (badness 10000) in paragraph at lines 467--468

 []


Underfull \hbox (badness 10000) in paragraph at lines 480--483

 []


Underfull \hbox (badness 10000) in paragraph at lines 484--485

 []

File: ./Figuras/logoFIUBA.pdf Graphic file (type pdf)
<use ./Figuras/logoFIUBA.pdf>
Package pdftex.def Info: ./Figuras/logoFIUBA.pdf  used on input line 485.
(pdftex.def)             Requested size: 99.58464pt x 33.19096pt.
[14]
Underfull \hbox (badness 10000) in paragraph at lines 493--494

 []


Underfull \hbox (badness 10000) in paragraph at lines 495--497

 []


Underfull \hbox (badness 10000) in paragraph at lines 503--504

 []


Underfull \hbox (badness 10000) in paragraph at lines 505--507

 []


Underfull \hbox (badness 10000) in paragraph at lines 519--521

 []


Underfull \hbox (badness 10000) in paragraph at lines 522--524

 []


Underfull \hbox (badness 1571) in paragraph at lines 544--544
[]|\OT1/cmr/m/n/10.95 Que no se lo-gre un an-dar es-ta-ble a pe-sar de las
 []

File: ./Figuras/logoFIUBA.pdf Graphic file (type pdf)
<use ./Figuras/logoFIUBA.pdf>
Package pdftex.def Info: ./Figuras/logoFIUBA.pdf  used on input line 556.
(pdftex.def)             Requested size: 99.58464pt x 33.19096pt.
[15]
File: ./Figuras/logoFIUBA.pdf Graphic file (type pdf)
<use ./Figuras/logoFIUBA.pdf>
Package pdftex.def Info: ./Figuras/logoFIUBA.pdf  used on input line 597.
(pdftex.def)             Requested size: 99.58464pt x 33.19096pt.
 [16]
Overfull \vbox (13.60005pt too high) detected at line 667
 []


Overfull \vbox (27.20006pt too high) detected at line 673
 []

File: ./Figuras/logoFIUBA.pdf Graphic file (type pdf)
<use ./Figuras/logoFIUBA.pdf>
Package pdftex.def Info: ./Figuras/logoFIUBA.pdf  used on input line 681.
(pdftex.def)             Requested size: 99.58464pt x 33.19096pt.
[17]
File: ./Figuras/logoFIUBA.pdf Graphic file (type pdf)
<use ./Figuras/logoFIUBA.pdf>
Package pdftex.def Info: ./Figuras/logoFIUBA.pdf  used on input line 681.
(pdftex.def)             Requested size: 99.58464pt x 33.19096pt.
 [18]
Underfull \hbox (badness 10000) in paragraph at lines 729--729
[]|\OT1/cmr/bx/n/10.95 ?`Qu^^Se
 []


Underfull \hbox (badness 10000) in paragraph at lines 729--729
[]|\OT1/cmr/m/n/10.95 Bloques
 []


Underfull \hbox (badness 10000) in paragraph at lines 729--729
\OT1/cmr/m/n/10.95 de tra-ba-jo
 []


Underfull \hbox (badness 10000) in paragraph at lines 729--729
\OT1/cmr/m/n/10.95 con-cen-tra-do
 []


Underfull \hbox (badness 10000) in paragraph at lines 729--729
\OT1/cmr/m/n/10.95 fi-gu-ra-ci^^Son
 []


Underfull \hbox (badness 10000) in paragraph at lines 729--729
\OT1/cmr/m/n/10.95 b^^Sasi-ca del
 []


Underfull \hbox (badness 10000) in paragraph at lines 729--729
[]|\OT1/cmr/m/n/10.95 Interrumpir
 []


Underfull \hbox (badness 10000) in paragraph at lines 729--729
\OT1/cmr/m/n/10.95 el tra-ba-jo
 []


Underfull \hbox (badness 4229) in paragraph at lines 729--729
\OT1/cmr/m/n/10.95 pa-ra pro-bar
 []


Underfull \hbox (badness 10000) in paragraph at lines 729--729
\OT1/cmr/m/n/10.95 he-rra-mien-tas
 []


Underfull \hbox (badness 10000) in paragraph at lines 729--729
\OT1/cmr/m/n/10.95 nue-vas que
 []


Underfull \hbox (badness 10000) in paragraph at lines 729--729
\OT1/cmr/m/n/10.95 no son
 []


Underfull \hbox (badness 10000) in paragraph at lines 729--729
[]|\OT1/cmr/m/n/10.95 Probar el
 []


Underfull \hbox (badness 10000) in paragraph at lines 729--729
\OT1/cmr/m/n/10.95 mo-de-lo en
 []


Underfull \hbox (badness 10000) in paragraph at lines 729--729
\OT1/cmr/m/n/10.95 es-ce-nas
 []


Underfull \hbox (badness 10000) in paragraph at lines 729--729
\OT1/cmr/m/n/10.95 sim-ples
 []


Underfull \hbox (badness 2698) in paragraph at lines 729--729
\OT1/cmr/m/n/10.95 pa-ra va-li-dar
 []


Underfull \hbox (badness 10000) in paragraph at lines 729--729
\OT1/cmr/m/n/10.95 co-li-sio-nes y
 []


Underfull \hbox (badness 10000) in paragraph at lines 729--729
\OT1/cmr/m/n/10.95 con-tac-tos
 []


Underfull \hbox (badness 10000) in paragraph at lines 729--729
\OT1/cmr/m/n/10.95 an-tes de
 []


Underfull \hbox (badness 10000) in paragraph at lines 729--729
[]|\OT1/cmr/m/n/10.95 Registrar
 []


Underfull \hbox (badness 10000) in paragraph at lines 729--729
\OT1/cmr/m/n/10.95 en un log
 []


Underfull \hbox (badness 10000) in paragraph at lines 729--729
\OT1/cmr/m/n/10.95 sen-ci-llo las
 []


Underfull \hbox (badness 10000) in paragraph at lines 729--729
\OT1/cmr/m/n/10.95 pro-ble-mas
 []


Underfull \hbox (badness 10000) in paragraph at lines 729--729
\OT1/cmr/m/n/10.95 en-con-tra-dos
 []


Underfull \hbox (badness 10000) in paragraph at lines 729--729
\OT1/cmr/m/n/10.95 en ca-da
 []


Underfull \hbox (badness 10000) in paragraph at lines 729--729
[]|\OT1/cmr/m/n/10.95 Empezar
 []


Underfull \hbox (badness 10000) in paragraph at lines 729--729
\OT1/cmr/m/n/10.95 ta-reas
 []


Underfull \hbox (badness 10000) in paragraph at lines 729--729
\OT1/cmr/m/n/10.95 t^^Secni-cas
 []


Underfull \hbox (badness 10000) in paragraph at lines 729--729
\OT1/cmr/m/n/10.95 sin re-vi-sar
 []


Underfull \hbox (badness 10000) in paragraph at lines 729--729
\OT1/cmr/m/n/10.95 an-tes el
 []


Underfull \hbox (badness 10000) in paragraph at lines 729--729
\OT1/cmr/m/n/10.95 cri-te-rios de
 []


Underfull \hbox (badness 10000) in paragraph at lines 729--729
\OT1/cmr/m/n/10.95 acep-ta-ci^^Son
 []


Underfull \hbox (badness 10000) in paragraph at lines 729--729
[]|\OT1/cmr/m/n/10.95 Ejecutar
 []


Underfull \hbox (badness 10000) in paragraph at lines 729--729
\OT1/cmr/m/n/10.95 prue-bas del
 []


Underfull \hbox (badness 10000) in paragraph at lines 729--729
\OT1/cmr/m/n/10.95 c^^Salcu-lo de
 []


Underfull \hbox (badness 10000) in paragraph at lines 729--729
\OT1/cmr/m/n/10.95 ZMP en
 []


Underfull \hbox (badness 10000) in paragraph at lines 729--729
\OT1/cmr/m/n/10.95 patr^^Son de
 []


Underfull \hbox (badness 10000) in paragraph at lines 729--729
\OT1/cmr/m/n/10.95 mar-cha
 []


Underfull \hbox (badness 10000) in paragraph at lines 729--729
\OT1/cmr/m/n/10.95 b^^Sasi-co
 []


Underfull \hbox (badness 10000) in paragraph at lines 729--729
[]|\OT1/cmr/m/n/10.95 Ajustar
 []


Underfull \hbox (badness 10000) in paragraph at lines 729--729
\OT1/cmr/m/n/10.95 par^^Same-tros
 []


Underfull \hbox (badness 10000) in paragraph at lines 729--729
\OT1/cmr/m/n/10.95 de for-ma
 []


Underfull \hbox (badness 10000) in paragraph at lines 729--729
\OT1/cmr/m/n/10.95 im-pro-vi-sa-da
 []


Underfull \hbox (badness 10000) in paragraph at lines 729--729
\OT1/cmr/m/n/10.95 con
 []


Underfull \hbox (badness 10000) in paragraph at lines 729--729
\OT1/cmr/m/n/10.95 re-sul-ta-dos
 []


Underfull \hbox (badness 10000) in paragraph at lines 729--729
[]|\OT1/cmr/m/n/10.95 Comparar
 []


Underfull \hbox (badness 10000) in paragraph at lines 729--729
\OT1/cmr/m/n/10.95 las
 []


Underfull \hbox (badness 10000) in paragraph at lines 729--729
\OT1/cmr/m/n/10.95 tra-yec-to-rias
 []


Underfull \hbox (badness 10000) in paragraph at lines 729--729
\OT1/cmr/m/n/10.95 ob-te-ni-das
 []


Underfull \hbox (badness 10000) in paragraph at lines 729--729
\OT1/cmr/m/n/10.95 con el
 []


Underfull \hbox (badness 10000) in paragraph at lines 729--729
\OT1/cmr/m/n/10.95 cri-te-rio
 []


Underfull \hbox (badness 10000) in paragraph at lines 729--729
\OT1/cmr/m/n/10.95 te^^Sori-co de
 []


Underfull \hbox (badness 10000) in paragraph at lines 729--729
[]|\OT1/cmr/m/n/10.95 Versionar
 []


Underfull \hbox (badness 10000) in paragraph at lines 729--729
\OT1/cmr/m/n/10.95 scripts de
 []


Underfull \hbox (badness 10000) in paragraph at lines 729--729
\OT1/cmr/m/n/10.95 prue-ba y
 []


Underfull \hbox (badness 10000) in paragraph at lines 729--729
\OT1/cmr/m/n/10.95 re-po-si-to-rio
 []


Underfull \hbox (badness 10000) in paragraph at lines 729--729
\OT1/cmr/m/n/10.95 pa-ra po-der
 []


Underfull \hbox (badness 10000) in paragraph at lines 729--729
\OT1/cmr/m/n/10.95 re-pli-car ex-
 []


Underfull \hbox (badness 10000) in paragraph at lines 729--729
[]|\OT1/cmr/m/n/10.95 Modificar
 []


Underfull \hbox (badness 10000) in paragraph at lines 729--729
\OT1/cmr/m/n/10.95 c^^Sodi-go
 []


Underfull \hbox (badness 10000) in paragraph at lines 729--729
\OT1/cmr/m/n/10.95 di-rec-ta-men-te
 []


Underfull \hbox (badness 10000) in paragraph at lines 729--729
\OT1/cmr/m/n/10.95 en el
 []


Underfull \hbox (badness 10000) in paragraph at lines 729--729
\OT1/cmr/m/n/10.95 si-mu-la-dor
 []


Underfull \hbox (badness 10000) in paragraph at lines 729--729
\OT1/cmr/m/n/10.95 sin guar-dar
 []


Underfull \hbox (badness 10000) in paragraph at lines 729--729
\OT1/cmr/m/n/10.95 una ver-si^^Son
 []


Underfull \hbox (badness 10000) in paragraph at lines 729--729
[]|\OT1/cmr/m/n/10.95 Monitorear
 []


Underfull \hbox (badness 10000) in paragraph at lines 729--729
\OT1/cmr/m/n/10.95 m^^Setri-cas de
 []


Underfull \hbox (badness 10000) in paragraph at lines 729--729
\OT1/cmr/m/n/10.95 re-com-pen-sa,
 []


Underfull \hbox (badness 10000) in paragraph at lines 729--729
\OT1/cmr/m/n/10.95 ca^^S^^Pdas,
 []


Underfull \hbox (badness 10000) in paragraph at lines 729--729
\OT1/cmr/m/n/10.95 energ^^S^^Pa en
 []


Underfull \hbox (badness 10000) in paragraph at lines 729--729
\OT1/cmr/m/n/10.95 co-rri-das
 []


Underfull \hbox (badness 10000) in paragraph at lines 729--729
[]|\OT1/cmr/m/n/10.95 Lanzar ex-
 []


Underfull \hbox (badness 10000) in paragraph at lines 729--729
\OT1/cmr/m/n/10.95 pe-ri-men-tos
 []


Underfull \hbox (badness 10000) in paragraph at lines 729--729
\OT1/cmr/m/n/10.95 gran-des sin
 []


Underfull \hbox (badness 10000) in paragraph at lines 729--729
\OT1/cmr/m/n/10.95 prue-bas
 []


Underfull \hbox (badness 10000) in paragraph at lines 729--729
\OT1/cmr/m/n/10.95 pre-li-mi-na-res
 []


Underfull \hbox (badness 8038) in paragraph at lines 729--729
\OT1/cmr/m/n/10.95 en en-tor-nos
 []


Underfull \hbox (badness 10000) in paragraph at lines 729--729
\OT1/cmr/m/n/10.95 fi-jas y
 []


Underfull \hbox (badness 10000) in paragraph at lines 729--729
\OT1/cmr/m/n/10.95 con-fi-gu-ra-
 []


Underfull \hbox (badness 10000) in paragraph at lines 729--729
\OT1/cmr/m/n/10.95 cio-nes do-
 []


Underfull \hbox (badness 10000) in paragraph at lines 729--729
\OT1/cmr/m/n/10.95 cu-men-ta-das
 []


Underfull \hbox (badness 10000) in paragraph at lines 729--729
\OT1/cmr/m/n/10.95 pa-ra po-der
 []


Underfull \hbox (badness 10000) in paragraph at lines 729--729
\OT1/cmr/m/n/10.95 re-pro-du-cir
 []


Underfull \hbox (badness 10000) in paragraph at lines 729--729
[]|\OT1/cmr/m/n/10.95 Planificar
 []


Underfull \hbox (badness 10000) in paragraph at lines 729--729
\OT1/cmr/m/n/10.95 lo-tes
 []


Underfull \hbox (badness 10000) in paragraph at lines 729--729
\OT1/cmr/m/n/10.95 pe-que~nos
 []


Underfull \hbox (badness 10000) in paragraph at lines 729--729
\OT1/cmr/m/n/10.95 de ex-pe-ri-
 []


Underfull \hbox (badness 10000) in paragraph at lines 729--729
\OT1/cmr/m/n/10.95 hip^^Sote-sis
 []


Underfull \hbox (badness 10000) in paragraph at lines 729--729
\OT1/cmr/m/n/10.95 cla-ra so-bre
 []


Underfull \hbox (badness 1297) in paragraph at lines 729--729
\OT1/cmr/m/n/10.95 el cam-bio a
 []


Underfull \hbox (badness 10000) in paragraph at lines 729--729
[]|\OT1/cmr/m/n/10.95 Cambiar
 []


Underfull \hbox (badness 10000) in paragraph at lines 729--729
\OT1/cmr/m/n/10.95 mu-chos
 []


Underfull \hbox (badness 10000) in paragraph at lines 729--729
\OT1/cmr/m/n/10.95 hi-per-
 []


Underfull \hbox (badness 10000) in paragraph at lines 729--729
\OT1/cmr/m/n/10.95 par^^Same-tros
 []


Underfull \hbox (badness 10000) in paragraph at lines 729--729
\OT1/cmr/m/n/10.95 mo-di-fic^^So ni
 []


Underfull \hbox (badness 10000) in paragraph at lines 729--729
[]|\OT1/cmr/m/n/10.95 Sprint no
 []


Underfull \hbox (badness 4660) in paragraph at lines 729--729
\OT1/cmr/m/n/10.95 t^^Secni-co 9 -
 []


Underfull \hbox (badness 10000) in paragraph at lines 729--729
[]|\OT1/cmr/m/n/10.95 Escribir
 []


Underfull \hbox (badness 10000) in paragraph at lines 729--729
\OT1/cmr/m/n/10.95 bre-ves
 []


Underfull \hbox (badness 10000) in paragraph at lines 729--729
\OT1/cmr/m/n/10.95 res^^Sume-nes
 []


Underfull \hbox (badness 10000) in paragraph at lines 729--729
\OT1/cmr/m/n/10.95 al ce-rrar
 []


Underfull \hbox (badness 3281) in paragraph at lines 729--729
\OT1/cmr/m/n/10.95 ca-da blo-que
 []


Underfull \hbox (badness 10000) in paragraph at lines 729--729
\OT1/cmr/m/n/10.95 de tra-ba-jo
 []


Underfull \hbox (badness 1596) in paragraph at lines 729--729
\OT1/cmr/m/n/10.95 t^^Secni-co pa-ra
 []


Underfull \hbox (badness 10000) in paragraph at lines 729--729
\OT1/cmr/m/n/10.95 fa-ci-li-tar la
 []


Underfull \hbox (badness 10000) in paragraph at lines 729--729
[]|\OT1/cmr/m/n/10.95 Dejar la
 []


Underfull \hbox (badness 5490) in paragraph at lines 729--729
\OT1/cmr/m/n/10.95 es-cri-tu-ra de
 []


Underfull \hbox (badness 10000) in paragraph at lines 729--729
\OT1/cmr/m/n/10.95 sec-cio-nes
 []


Underfull \hbox (badness 10000) in paragraph at lines 729--729
\OT1/cmr/m/n/10.95 com-ple-tas
 []


Underfull \hbox (badness 10000) in paragraph at lines 729--729
\OT1/cmr/m/n/10.95 pa-ra los
 []


Underfull \hbox (badness 2197) in paragraph at lines 729--729
\OT1/cmr/m/n/10.95 ^^Sulti-mos d^^S^^Pas
 []


Underfull \hbox (badness 10000) in paragraph at lines 729--729
[]|\OT1/cmr/m/n/10.95 Revisar la
 []


Underfull \hbox (badness 10000) in paragraph at lines 729--729
\OT1/cmr/m/n/10.95 gu^^S^^Pa de
 []


Underfull \hbox (badness 10000) in paragraph at lines 729--729
\OT1/cmr/m/n/10.95 for-ma-to
 []


Underfull \hbox (badness 10000) in paragraph at lines 729--729
\OT1/cmr/m/n/10.95 an-tes de
 []


Underfull \hbox (badness 10000) in paragraph at lines 729--729
\OT1/cmr/m/n/10.95 re-dac-tar
 []


Underfull \hbox (badness 10000) in paragraph at lines 729--729
[]|\OT1/cmr/m/n/10.95 Pedir
 []


Underfull \hbox (badness 10000) in paragraph at lines 729--729
\OT1/cmr/m/n/10.95 feed-back
 []


Underfull \hbox (badness 10000) in paragraph at lines 729--729
\OT1/cmr/m/n/10.95 pun-tual
 []


Underfull \hbox (badness 10000) in paragraph at lines 729--729
\OT1/cmr/m/n/10.95 so-bre
 []


Underfull \hbox (badness 10000) in paragraph at lines 729--729
\OT1/cmr/m/n/10.95 ob-je-ti-vos,
 []


Underfull \hbox (badness 2564) in paragraph at lines 729--729
\OT1/cmr/m/n/10.95 re-sul-ta-dos y
 []


Underfull \hbox (badness 10000) in paragraph at lines 729--729
\OT1/cmr/m/n/10.95 con-clu-sio-nes
 []


Underfull \hbox (badness 10000) in paragraph at lines 729--729
\OT1/cmr/m/n/10.95 a una
 []


Underfull \hbox (badness 10000) in paragraph at lines 729--729
\OT1/cmr/m/n/10.95 per-so-na
 []


Underfull \hbox (badness 10000) in paragraph at lines 729--729
[]|\OT1/cmr/m/n/10.95 Acumular
 []


Underfull \hbox (badness 10000) in paragraph at lines 729--729
\OT1/cmr/m/n/10.95 co-rrec-cio-nes
 []


Underfull \hbox (badness 10000) in paragraph at lines 729--729
\OT1/cmr/m/n/10.95 en no-tas
 []


Underfull \hbox (badness 10000) in paragraph at lines 729--729
\OT1/cmr/m/n/10.95 suel-tas sin
 []


Underfull \hbox (badness 10000) in paragraph at lines 729--729
\OT1/cmr/m/n/10.95 in-te-grar-las
 []


Underfull \hbox (badness 10000) in paragraph at lines 729--729
\OT1/cmr/m/n/10.95 pe-ri^^Sodi-ca-
 []


Underfull \hbox (badness 10000) in paragraph at lines 729--729
\OT1/cmr/m/n/10.95 men-te al
 []


Underfull \hbox (badness 10000) in paragraph at lines 729--729
\OT1/cmr/m/n/10.95 do-cu-men-to
 []

File: ./Figuras/logoFIUBA.pdf Graphic file (type pdf)
<use ./Figuras/logoFIUBA.pdf>
Package pdftex.def Info: ./Figuras/logoFIUBA.pdf  used on input line 731.
(pdftex.def)             Requested size: 99.58464pt x 33.19096pt.
[19] 
enddocument/afterlastpage: lastpage setting LastPage.
(./charter.aux
LaTeX Info: Redefining \. on input line 11.
LaTeX Info: Redefining \% on input line 11.
)
 ***********
LaTeX2e <2023-11-01> patch level 1
L3 programming layer <2024-01-22>
 ***********
Package rerunfilecheck Info: File `charter.out' has not changed.
(rerunfilecheck)             Checksum: 26C1C810565248F6D1B3C6B19892D929;3292.
 ) 
Here is how much of TeX's memory you used:
 26909 strings out of 475485
 508711 string characters out of 5775513
 1953975 words of memory out of 5000000
 48431 multiletter control sequences out of 15000+600000
 565530 words of font info for 63 fonts, out of 8000000 for 9000
 398 hyphenation exceptions out of 8191
 114i,17n,115p,743b,598s stack positions out of 10000i,1000n,20000p,200000b,200000s
 </home/rnyx/.texlive2023/texmf-var/fonts/pk/ljfour/jknappen/ec/tcrm1095.600p
k></usr/share/texlive/texmf-dist/fonts/type1/public/amsfonts/cm/cmbx10.pfb></us
r/share/texlive/texmf-dist/fonts/type1/public/amsfonts/cm/cmbx12.pfb></usr/shar
e/texlive/texmf-dist/fonts/type1/public/amsfonts/cm/cmbx8.pfb></usr/share/texli
ve/texmf-dist/fonts/type1/public/amsfonts/cm/cmr10.pfb></usr/share/texlive/texm
f-dist/fonts/type1/public/amsfonts/cm/cmr12.pfb></usr/share/texlive/texmf-dist/
fonts/type1/public/amsfonts/cm/cmti10.pfb>
Output written on charter.pdf (19 pages, 817146 bytes).
PDF statistics:
 276 PDF objects out of 1000 (max. 8388607)
 217 compressed objects within 3 object streams
 52 named destinations out of 1000 (max. 500000)
 148 words of extra memory for PDF output out of 10000 (max. 10000000)

